<?xml version="1.0"?>
<testsuite name="HeadlessChrome 78.0.3904 (Linux 0.0.0)" package="unit" timestamp="2023-05-24T18:58:54" id="0" hostname="5aa6c7c4ae09" tests="6" errors="0" failures="3" time="0.508">
  <properties>
    <property name="browser.fullName" value="Mozilla/5.0 (X11; Linux x86_64) AppleWebKit/537.36 (KHTML, like Gecko) HeadlessChrome/78.0.3904.108 Safari/537.36"/>
  </properties>
  <testcase name="AppComponent Initial UI is rendered as expected" time="0.211" classname=".AppComponent"/>
  <testcase name="AppComponent Clicking on type Song and Add button should clear the input fields" time="0.12" classname=".AppComponent">
    <failure type="">Error: Expected 'Rock On' to be falsy.
    at &lt;Jasmine&gt;
    at http://localhost:9876/_karma_webpack_/src/app/app.component.spec.ts:174:29
    at &lt;Jasmine&gt;
    at fulfilled (http://localhost:9876/_karma_webpack_/node_modules/tslib/tslib.es6.js:71:42)
</failure>
    <failure type="">Error: Expected 'Rock' to be falsy.
    at &lt;Jasmine&gt;
    at http://localhost:9876/_karma_webpack_/src/app/app.component.spec.ts:175:30
    at &lt;Jasmine&gt;
    at fulfilled (http://localhost:9876/_karma_webpack_/node_modules/tslib/tslib.es6.js:71:42)
</failure>
    <failure type="">Error: Expected 'Jay' to be falsy.
    at &lt;Jasmine&gt;
    at http://localhost:9876/_karma_webpack_/src/app/app.component.spec.ts:176:32
    at &lt;Jasmine&gt;
    at fulfilled (http://localhost:9876/_karma_webpack_/node_modules/tslib/tslib.es6.js:71:42)
</failure>
    <failure type="">Error: Expected &lt;input _ngcontent-a-c42 data-test-id="app-input-time" type="number" placeholder="Total Time" class="ng-untouched ng-valid ng-dirty" ng-reflect-model="10"&gt; to be falsy.
    at &lt;Jasmine&gt;
    at http://localhost:9876/_karma_webpack_/src/app/app.component.spec.ts:177:23
    at &lt;Jasmine&gt;
    at fulfilled (http://localhost:9876/_karma_webpack_/node_modules/tslib/tslib.es6.js:71:42)
</failure>
  </testcase>
  <testcase name="AppComponent Clicking on Song type should render time input" time="0.032" classname=".AppComponent"/>
  <testcase name="AppComponent Clicking on type Book and Add button should add the item to the Book list" time="0.032" classname=".AppComponent"/>
  <testcase name="AppComponent Perform a series of operations including delete" time="0.071" classname=".AppComponent">
    <failure type="">Error: Expected '' to equal '10'.
    at &lt;Jasmine&gt;
    at http://localhost:9876/_karma_webpack_/src/app/app.component.spec.ts:237:63
    at &lt;Jasmine&gt;
    at fulfilled (http://localhost:9876/_karma_webpack_/node_modules/tslib/tslib.es6.js:71:42)
</failure>
    <failure type="">Error: Expected '' to equal '100'.
    at &lt;Jasmine&gt;
    at http://localhost:9876/_karma_webpack_/src/app/app.component.spec.ts:243:63
    at &lt;Jasmine&gt;
    at fulfilled (http://localhost:9876/_karma_webpack_/node_modules/tslib/tslib.es6.js:71:42)
</failure>
    <failure type="">Error: Expected 'Rock On' to equal 'Little Things'.
    at &lt;Jasmine&gt;
    at http://localhost:9876/_karma_webpack_/src/app/app.component.spec.ts:250:63
    at &lt;Jasmine&gt;
    at fulfilled (http://localhost:9876/_karma_webpack_/node_modules/tslib/tslib.es6.js:71:42)
</failure>
    <failure type="">Error: Expected 'Rock' to equal 'Disco'.
    at &lt;Jasmine&gt;
    at http://localhost:9876/_karma_webpack_/src/app/app.component.spec.ts:251:64
    at &lt;Jasmine&gt;
    at fulfilled (http://localhost:9876/_karma_webpack_/node_modules/tslib/tslib.es6.js:71:42)
</failure>
    <failure type="">Error: Expected 'Jay' to equal 'Nick'.
    at &lt;Jasmine&gt;
    at http://localhost:9876/_karma_webpack_/src/app/app.component.spec.ts:252:66
    at &lt;Jasmine&gt;
    at fulfilled (http://localhost:9876/_karma_webpack_/node_modules/tslib/tslib.es6.js:71:42)
</failure>
    <failure type="">Error: Expected '' to equal '100'.
    at &lt;Jasmine&gt;
    at http://localhost:9876/_karma_webpack_/src/app/app.component.spec.ts:253:63
    at &lt;Jasmine&gt;
    at fulfilled (http://localhost:9876/_karma_webpack_/node_modules/tslib/tslib.es6.js:71:42)
</failure>
    <failure type="">Error: Expected 'Belief' to equal 'Crisis'.
    at &lt;Jasmine&gt;
    at http://localhost:9876/_karma_webpack_/src/app/app.component.spec.ts:271:63
    at &lt;Jasmine&gt;
    at fulfilled (http://localhost:9876/_karma_webpack_/node_modules/tslib/tslib.es6.js:71:42)
</failure>
    <failure type="">Error: Expected 'Fiction' to equal 'Thriller'.
    at &lt;Jasmine&gt;
    at http://localhost:9876/_karma_webpack_/src/app/app.component.spec.ts:272:64
    at &lt;Jasmine&gt;
    at fulfilled (http://localhost:9876/_karma_webpack_/node_modules/tslib/tslib.es6.js:71:42)
</failure>
    <failure type="">Error: Expected 'John M' to equal 'David'.
    at &lt;Jasmine&gt;
    at http://localhost:9876/_karma_webpack_/src/app/app.component.spec.ts:273:66
    at &lt;Jasmine&gt;
    at fulfilled (http://localhost:9876/_karma_webpack_/node_modules/tslib/tslib.es6.js:71:42)
</failure>
  </testcase>
  <testcase name="AppComponent Clicking on type Song and Add button should add the item to the Song list" time="0.042" classname=".AppComponent">
    <failure type="">Error: Expected '' to equal '10'.
    at &lt;Jasmine&gt;
    at http://localhost:9876/_karma_webpack_/src/app/app.component.spec.ts:151:62
    at &lt;Jasmine&gt;
    at fulfilled (http://localhost:9876/_karma_webpack_/node_modules/tslib/tslib.es6.js:71:42)
</failure>
  </testcase>
  <system-out>
    <![CDATA[
]]>
  </system-out>
  <system-err/>
</testsuite>